Arguments: 
  /usr/local/Cellar/node/14.8.0/bin/node /usr/local/Cellar/yarn/1.22.4/libexec/bin/yarn.js add wwebpack-merge

PATH: 
  /Users/jonahfidel/google-cloud-sdk/bin:/usr/local/bin:/Library/Frameworks/Python.framework/Versions/3.6/bin:/Library/Frameworks/Python.framework/Versions/2.7/bin:/Users/jonahfidel/.npm-packages/bin:/usr/local/bin:/usr/bin:/bin:/usr/sbin:/sbin:/Users/jonahfidel/dev/Tools/apache-maven-3.6.3/bin:/Applications/Visual Studio Code.app/Contents/Resources/app/bin

Yarn version: 
  1.22.4

Node version: 
  14.8.0

Platform: 
  darwin x64

Trace: 
  Error: https://registry.yarnpkg.com/wwebpack-merge: Not found
      at Request.params.callback [as _callback] (/usr/local/Cellar/yarn/1.22.4/libexec/lib/cli.js:66987:18)
      at Request.self.callback (/usr/local/Cellar/yarn/1.22.4/libexec/lib/cli.js:140748:22)
      at Request.emit (events.js:314:20)
      at Request.<anonymous> (/usr/local/Cellar/yarn/1.22.4/libexec/lib/cli.js:141720:10)
      at Request.emit (events.js:314:20)
      at IncomingMessage.<anonymous> (/usr/local/Cellar/yarn/1.22.4/libexec/lib/cli.js:141642:12)
      at Object.onceWrapper (events.js:420:28)
      at IncomingMessage.emit (events.js:326:22)
      at endReadableNT (_stream_readable.js:1244:12)
      at processTicksAndRejections (internal/process/task_queues.js:80:21)

npm manifest: 
  {
    "name": "geoguessr-clone",
    "version": "1.0.0",
    "description": "A react component for the google-streetview lib",
    "main": "dist/react-google-streetview.js",
    "module": "dist/react-google-streetview.js",
    "files": [
      "dist"
    ],
    "scripts": {
      "start": "webpack-dev-server --config webpack.dev.js",
      "build": "webpack --config webpack.prod.js",
      "docs": "webpack --config webpack.docs.js",
      "test": "echo \"Error: no test specified\" && exit 1",
      "lint": "./node_modules/.bin/eslint --ext .jsx,.js src/**"
    },
    "author": "Jonah Fidel",
    "license": "Apache License - 2.0",
    "repository": {
      "type": "git",
      "url": ""
    },
    "peerDependencies": {
      "react": ">=16.10.1",
      "react-dom": ">=16.10.1"
    },
    "keywords": [
      "react",
      "google",
      "streetview",
      "js",
      "geoguessr"
    ],
    "dependencies": {
      "lodash.isequal": "^4.5.0",
      "prop-types": "^15.5.10",
      "react-async-loader": "^0.1.2"
    },
    "devDependencies": {
      "@babel/core": "^7.1.6",
      "@babel/plugin-transform-runtime": "^7.6.0",
      "@babel/preset-env": "^7.1.6",
      "@babel/preset-react": "^7.0.0",
      "babel-eslint": "^10.0.3",
      "babel-loader": "^8.0.4",
      "eslint": "^6.3.0",
      "eslint-config-airbnb": "^18.0.1",
      "eslint-loader": "^3.0.0",
      "eslint-plugin-import": "^2.18.2",
      "eslint-plugin-jsx-a11y": "^6.2.3",
      "eslint-plugin-react": "^7.14.3",
      "html-webpack-plugin": "^3.2.0",
      "react": "^16.9.0",
      "react-dom": "^16.9.0",
      "react-test-renderer": "^15.6.2",
      "webpack": "^4.39.3",
      "webpack-cli": "^3.3.8",
      "webpack-dev-server": "^3.11.2",
      "webpack-merge": "^4.2.2"
    }
  }

yarn manifest: 
  No manifest

Lockfile: 
  No lockfile
